Using pre-set license
Built from '2020.2/release' branch; Version is '2020.2.4f1 (becced5a802b) revision 12504301'; Using compiler version '192528614'; Build Type 'Release'
OS: 'Windows 10 Pro; OS build 19042.804; Version 2009; 64bit' Language: 'en' Physical Memory: 16217 MB
BatchMode: 1, IsHumanControllingUs: 0, StartBugReporterOnCrash: 0, Is64bit: 1, IsPro: 0

 COMMAND LINE ARGUMENTS:
C:\Program Files\Unity\Hub\Editor\2020.2.4f1\Editor\Unity.exe
-adb2
-batchMode
-noUpm
-name
AssetImportWorker0
-projectPath
F:/Dev/Unity/Doom_the_hedge/doom_the_hedge
-logFile
Logs/AssetImportWorker0.log
-srvPort
53068
Successfully changed project path to: F:/Dev/Unity/Doom_the_hedge/doom_the_hedge
F:/Dev/Unity/Doom_the_hedge/doom_the_hedge
Using Asset Import Pipeline V2.
Refreshing native plugins compatible for Editor in 80.97 ms, found 2 plugins.
Preloading 0 native plugins for Editor in 0.00 ms.
Initialize engine version: 2020.2.4f1 (becced5a802b)
[Subsystems] Discovering subsystems at path C:/Program Files/Unity/Hub/Editor/2020.2.4f1/Editor/Data/Resources/UnitySubsystems
[Subsystems] Discovering subsystems at path F:/Dev/Unity/Doom_the_hedge/doom_the_hedge/Assets
GfxDevice: creating device client; threaded=0
Direct3D:
    Version:  Direct3D 11.0 [level 11.1]
    Renderer: Radeon RX 580 Series (ID=0x67df)
    Vendor:   
    VRAM:     8171 MB
    Driver:   27.20.14535.1000
Initialize mono
Mono path[0] = 'C:/Program Files/Unity/Hub/Editor/2020.2.4f1/Editor/Data/Managed'
Mono path[1] = 'C:/Program Files/Unity/Hub/Editor/2020.2.4f1/Editor/Data/MonoBleedingEdge/lib/mono/unityjit'
Mono config path = 'C:/Program Files/Unity/Hub/Editor/2020.2.4f1/Editor/Data/MonoBleedingEdge/etc'
Using monoOptions --debugger-agent=transport=dt_socket,embedding=1,server=y,suspend=n,address=127.0.0.1:56404
Begin MonoManager ReloadAssembly
Registering precompiled unity dll's ...
Register platform support module: C:/Program Files/Unity/Hub/Editor/2020.2.4f1/Editor/Data/PlaybackEngines/WebGLSupport/UnityEditor.WebGL.Extensions.dll
Register platform support module: C:/Program Files/Unity/Hub/Editor/2020.2.4f1/Editor/Data/PlaybackEngines/WindowsStandaloneSupport/UnityEditor.WindowsStandalone.Extensions.dll
Registered in 0.003597 seconds.
Native extension for WindowsStandalone target not found
Native extension for WebGL target not found
Refreshing native plugins compatible for Editor in 49.14 ms, found 2 plugins.
Preloading 0 native plugins for Editor in 0.00 ms.
Invoked RoslynAnalysisRunner static constructor.
RoslynAnalysisRunner will not be running.
RoslynAnalysisRunner has terminated.
Mono: successfully reloaded assembly
- Completed reload, in  2.031 seconds
Platform modules already initialized, skipping
Registering precompiled user dll's ...
Registered in 0.009773 seconds.
Begin MonoManager ReloadAssembly
Native extension for WindowsStandalone target not found
Native extension for WebGL target not found
Refreshing native plugins compatible for Editor in 45.56 ms, found 2 plugins.
Preloading 0 native plugins for Editor in 0.00 ms.
Refreshing native plugins compatible for Editor in 1.78 ms, found 2 plugins.
DisplayProgressbar: Populating Wwise Picker
Invoked RoslynAnalysisRunner static constructor.
RoslynAnalysisRunner will not be running.
RoslynAnalysisRunner has terminated.
Mono: successfully reloaded assembly
- Completed reload, in  1.552 seconds
Platform modules already initialized, skipping
========================================================================
Worker process is ready to serve import requests
Launched and connected shader compiler UnityShaderCompiler.exe after 0.06 seconds
Refreshing native plugins compatible for Editor in 1.71 ms, found 2 plugins.
Preloading 0 native plugins for Editor in 0.00 ms.
Unloading 2656 Unused Serialized files (Serialized files now loaded: 0)
System memory in use before: 110.5 MB.
System memory in use after: 110.3 MB.

Unloading 193 unused Assets to reduce memory usage. Loaded Objects now: 3017.
Total: 4.640600 ms (FindLiveObjects: 0.383000 ms CreateObjectMapping: 0.330900 ms MarkObjects: 3.497400 ms  DeleteObjects: 0.427300 ms)

========================================================================
Received Import Request.
  path: Assets/Art/UI/E.png
  artifactKey: Guid(d52872662b72da642b41e2c95a3fc126) Importer(815301076,1909f56bfc062723c751e8b465ee728b)
Start importing Assets/Art/UI/E.png using Guid(d52872662b72da642b41e2c95a3fc126) Importer(815301076,1909f56bfc062723c751e8b465ee728b)  -> (artifact id: '607dc34ffb24aa0d95da2c523f5a444f') in 0.167917 seconds
  Import took 0.172850 seconds .

========================================================================
Received Import Request.
  Time since last request: 0.207434 seconds.
  path: Assets/Art/UI/E.png
  artifactKey: Guid(d52872662b72da642b41e2c95a3fc126) Importer(815301076,1909f56bfc062723c751e8b465ee728b)
Start importing Assets/Art/UI/E.png using Guid(d52872662b72da642b41e2c95a3fc126) Importer(815301076,1909f56bfc062723c751e8b465ee728b)  -> (artifact id: '424371f1b85af34d378be92e3f27df02') in 0.056412 seconds
  Import took 0.061321 seconds .

========================================================================
Received Prepare
Registering precompiled user dll's ...
Registered in 0.011546 seconds.
Begin MonoManager ReloadAssembly
Native extension for WindowsStandalone target not found
Native extension for WebGL target not found
Refreshing native plugins compatible for Editor in 1.16 ms, found 2 plugins.
Preloading 0 native plugins for Editor in 0.00 ms.
Warning: Annotation not found!
UnityEngine.StackTraceUtility:ExtractStackTrace ()
UnityEditor.ProBuilder.EditorUtility:SetGizmoIconEnabled (System.Type,bool) (at Library/PackageCache/com.unity.probuilder@4.5.0/Editor/EditorCore/EditorUtility.cs:593)
UnityEditor.ProBuilder.HierarchyListener:.cctor () (at Library/PackageCache/com.unity.probuilder@4.5.0/Editor/EditorCore/HierarchyListener.cs:21)
System.Runtime.CompilerServices.RuntimeHelpers:RunClassConstructor (System.RuntimeTypeHandle)
UnityEditor.EditorAssemblies:ProcessInitializeOnLoadAttributes (System.Type[])

[Library/PackageCache/com.unity.probuilder@4.5.0/Editor/EditorCore/EditorUtility.cs line 593]

Refreshing native plugins compatible for Editor in 1.29 ms, found 2 plugins.
Invoked RoslynAnalysisRunner static constructor.
RoslynAnalysisRunner will not be running.
RoslynAnalysisRunner has terminated.
Mono: successfully reloaded assembly
- Completed reload, in  1.615 seconds
Platform modules already initialized, skipping
Refreshing native plugins compatible for Editor in 1.22 ms, found 2 plugins.
Preloading 0 native plugins for Editor in 0.00 ms.
Unloading 2603 Unused Serialized files (Serialized files now loaded: 0)
System memory in use before: 109.5 MB.
System memory in use after: 109.4 MB.

Unloading 85 unused Assets to reduce memory usage. Loaded Objects now: 3025.
Total: 3.238200 ms (FindLiveObjects: 0.229700 ms CreateObjectMapping: 0.112100 ms MarkObjects: 2.596100 ms  DeleteObjects: 0.299100 ms)

========================================================================
Received Import Request.
  Time since last request: 372.562760 seconds.
  path: Assets/Art/UI/skunkicon.png
  artifactKey: Guid(3e4d3b57a1faa9541954c322cb743d1c) Importer(815301076,1909f56bfc062723c751e8b465ee728b)
Start importing Assets/Art/UI/skunkicon.png using Guid(3e4d3b57a1faa9541954c322cb743d1c) Importer(815301076,1909f56bfc062723c751e8b465ee728b)  -> (artifact id: 'f75f1c2f45a4cdf0cd5b3638db047e9f') in 0.040576 seconds
  Import took 0.050761 seconds .

========================================================================
Received Import Request.
  Time since last request: 3.897349 seconds.
  path: Assets/Art/UI/skunkicon.png
  artifactKey: Guid(3e4d3b57a1faa9541954c322cb743d1c) Importer(815301076,1909f56bfc062723c751e8b465ee728b)
Start importing Assets/Art/UI/skunkicon.png using Guid(3e4d3b57a1faa9541954c322cb743d1c) Importer(815301076,1909f56bfc062723c751e8b465ee728b)  -> (artifact id: '4de974208a6c4038401d1f0ae745e265') in 0.036132 seconds
  Import took 0.042270 seconds .

========================================================================
Received Import Request.
  Time since last request: 431.193415 seconds.
  path: Assets/Art/UI/portrait_cornice.png
  artifactKey: Guid(8b18e17a7247fbc4498e0be48edec2ed) Importer(815301076,1909f56bfc062723c751e8b465ee728b)
Start importing Assets/Art/UI/portrait_cornice.png using Guid(8b18e17a7247fbc4498e0be48edec2ed) Importer(815301076,1909f56bfc062723c751e8b465ee728b)  -> (artifact id: '3a0fb3f288809fc63a497db5f165ac57') in 0.024042 seconds
  Import took 0.030706 seconds .

========================================================================
Received Import Request.
  Time since last request: 3.434588 seconds.
  path: Assets/Art/UI/portrait_cornice.png
  artifactKey: Guid(8b18e17a7247fbc4498e0be48edec2ed) Importer(815301076,1909f56bfc062723c751e8b465ee728b)
Start importing Assets/Art/UI/portrait_cornice.png using Guid(8b18e17a7247fbc4498e0be48edec2ed) Importer(815301076,1909f56bfc062723c751e8b465ee728b)  -> (artifact id: 'a4c44826e3aa5c6513dbd3fcb93eb779') in 0.032992 seconds
  Import took 0.060063 seconds .

========================================================================
Received Import Request.
  Time since last request: 108.298646 seconds.
  path: Assets/Fungus/Textures/OptionButtonHighlighted.png
  artifactKey: Guid(888feb4a32e3b564fb7e6f9b28cc8e10) Importer(815301076,1909f56bfc062723c751e8b465ee728b)
Start importing Assets/Fungus/Textures/OptionButtonHighlighted.png using Guid(888feb4a32e3b564fb7e6f9b28cc8e10) Importer(815301076,1909f56bfc062723c751e8b465ee728b)  -> (artifact id: '395788ba8d9d72914de957f907bd1387') in 0.465605 seconds
  Import took 0.473776 seconds .

========================================================================
Received Import Request.
  Time since last request: 0.000125 seconds.
  path: Assets/Fungus/Textures/ScriptIcon.png
  artifactKey: Guid(c22400d5bd211479099238aaacbd4852) Importer(815301076,1909f56bfc062723c751e8b465ee728b)
Start importing Assets/Fungus/Textures/ScriptIcon.png using Guid(c22400d5bd211479099238aaacbd4852) Importer(815301076,1909f56bfc062723c751e8b465ee728b)  -> (artifact id: 'b2536219f52b12cc49fbae0d578112bd') in 0.179737 seconds
  Import took 0.189125 seconds .

========================================================================
Received Import Request.
  Time since last request: 0.000155 seconds.
  path: Assets/Art/UI/Q.png
  artifactKey: Guid(26715505b82734f4aa75a2d2ebb0a4f6) Importer(815301076,1909f56bfc062723c751e8b465ee728b)
Start importing Assets/Art/UI/Q.png using Guid(26715505b82734f4aa75a2d2ebb0a4f6) Importer(815301076,1909f56bfc062723c751e8b465ee728b)  -> (artifact id: '03bca3be800bc49a6e360f536f7b58e0') in 0.032793 seconds
  Import took 0.083605 seconds .

========================================================================
Received Import Request.
  Time since last request: 0.000175 seconds.
  path: Assets/Fungus/Textures/OptionButtonPressed.png
  artifactKey: Guid(2e33a3f531b6adc4f9d8a99c83e2ba2d) Importer(815301076,1909f56bfc062723c751e8b465ee728b)
Start importing Assets/Fungus/Textures/OptionButtonPressed.png using Guid(2e33a3f531b6adc4f9d8a99c83e2ba2d) Importer(815301076,1909f56bfc062723c751e8b465ee728b)  -> (artifact id: '1a1a5e4eed1063d95c2e27d81a35322b') in 0.117992 seconds
  Import took 0.122517 seconds .

========================================================================
Received Import Request.
  Time since last request: 0.000162 seconds.
  path: Assets/Fungus/Textures/rewind.png
  artifactKey: Guid(62573ea76cbf34643bf28a259a6c901c) Importer(815301076,1909f56bfc062723c751e8b465ee728b)
Start importing Assets/Fungus/Textures/rewind.png using Guid(62573ea76cbf34643bf28a259a6c901c) Importer(815301076,1909f56bfc062723c751e8b465ee728b)  -> (artifact id: 'e0426717891d063e6606ed9d7a3b1023') in 0.058601 seconds
  Import took 0.077149 seconds .

========================================================================
Received Import Request.
  Time since last request: 0.000183 seconds.
  path: Assets/Fungus/Textures/settings.png
  artifactKey: Guid(8d3c80dd0c2904cdbb745cf481348a76) Importer(815301076,1909f56bfc062723c751e8b465ee728b)
Start importing Assets/Fungus/Textures/settings.png using Guid(8d3c80dd0c2904cdbb745cf481348a76) Importer(815301076,1909f56bfc062723c751e8b465ee728b)  -> (artifact id: '6db9b5a71fcfdda422d08bf87fe66ed7') in 0.114124 seconds
  Import took 0.121573 seconds .

========================================================================
Received Import Request.
  Time since last request: 0.000306 seconds.
  path: Assets/Fungus/Textures/rewind.png
  artifactKey: Guid(62573ea76cbf34643bf28a259a6c901c) Importer(815301076,1909f56bfc062723c751e8b465ee728b)
Start importing Assets/Fungus/Textures/rewind.png using Guid(62573ea76cbf34643bf28a259a6c901c) Importer(815301076,1909f56bfc062723c751e8b465ee728b)  -> (artifact id: 'e0426717891d063e6606ed9d7a3b1023') in 0.013817 seconds
  Import took 0.028616 seconds .

========================================================================
Received Import Request.
  Time since last request: 0.000555 seconds.
  path: Assets/Standard Assets/CrossPlatformInput/Sprites/SliderBackgroundSprite.png
  artifactKey: Guid(ea5873cfd9158664f89459f0c9e1d853) Importer(815301076,1909f56bfc062723c751e8b465ee728b)
Start importing Assets/Standard Assets/CrossPlatformInput/Sprites/SliderBackgroundSprite.png using Guid(ea5873cfd9158664f89459f0c9e1d853) Importer(815301076,1909f56bfc062723c751e8b465ee728b)  -> (artifact id: 'fda0af59591eb8a8466e0d470bbe0cbb') in 0.070900 seconds
  Import took 0.078786 seconds .

========================================================================
Received Import Request.
  Time since last request: 0.000182 seconds.
  path: Assets/Fungus/Textures/OptionButtonHighlighted.png
  artifactKey: Guid(888feb4a32e3b564fb7e6f9b28cc8e10) Importer(815301076,1909f56bfc062723c751e8b465ee728b)
Start importing Assets/Fungus/Textures/OptionButtonHighlighted.png using Guid(888feb4a32e3b564fb7e6f9b28cc8e10) Importer(815301076,1909f56bfc062723c751e8b465ee728b)  -> (artifact id: '395788ba8d9d72914de957f907bd1387') in 0.021547 seconds
  Import took 0.027882 seconds .

========================================================================
Received Import Request.
  Time since last request: 13.664455 seconds.
  path: Assets/Fungus/EditorResources/Textures/command_background.png
  artifactKey: Guid(a5c9a4271b3de4e4f86eff7f8a1bd768) Importer(815301076,1909f56bfc062723c751e8b465ee728b)
Start importing Assets/Fungus/EditorResources/Textures/command_background.png using Guid(a5c9a4271b3de4e4f86eff7f8a1bd768) Importer(815301076,1909f56bfc062723c751e8b465ee728b)  -> (artifact id: '65a113dfaa41ac205b13361906ddda4e') in 0.018469 seconds
  Import took 0.027896 seconds .

========================================================================
Received Import Request.
  Time since last request: 0.000145 seconds.
  path: Assets/Wwise/Editor/WwiseWindows/TreeViewControl/selected_background_color.png
  artifactKey: Guid(28dd0e015b4ef8d4684ae1b94ebf36ae) Importer(815301076,1909f56bfc062723c751e8b465ee728b)
Start importing Assets/Wwise/Editor/WwiseWindows/TreeViewControl/selected_background_color.png using Guid(28dd0e015b4ef8d4684ae1b94ebf36ae) Importer(815301076,1909f56bfc062723c751e8b465ee728b)  -> (artifact id: 'f7dd6e2aa401da2ad7405f30249c9ea2') in 0.017454 seconds
  Import took 0.023403 seconds .

========================================================================
Received Import Request.
  Time since last request: 9.717778 seconds.
  path: Assets/Art/UI/textureUI_nopadding4.png
  artifactKey: Guid(a2019cc9d2ab128468ceb068427eab5c) Importer(815301076,1909f56bfc062723c751e8b465ee728b)
Start importing Assets/Art/UI/textureUI_nopadding4.png using Guid(a2019cc9d2ab128468ceb068427eab5c) Importer(815301076,1909f56bfc062723c751e8b465ee728b)  -> (artifact id: '53e504afc495cbe17bab930daf0f60c7') in 0.035895 seconds
  Import took 0.125113 seconds .

========================================================================
Received Import Request.
  Time since last request: 0.000195 seconds.
  path: Assets/Art/UI/textureUI_nopadding5.png
  artifactKey: Guid(47001e884e0f8e440aa5916f7774e43d) Importer(815301076,1909f56bfc062723c751e8b465ee728b)
Start importing Assets/Art/UI/textureUI_nopadding5.png using Guid(47001e884e0f8e440aa5916f7774e43d) Importer(815301076,1909f56bfc062723c751e8b465ee728b)  -> (artifact id: 'c059483bca27e690b1a37edb1fbe3bc3') in 0.032923 seconds
  Import took 0.041731 seconds .

========================================================================
Received Import Request.
  Time since last request: 0.001262 seconds.
  path: Assets/Standard Assets/CrossPlatformInput/Sprites/TouchpadSprite.png
  artifactKey: Guid(e4f1fee3de32377429fd1348fae62b10) Importer(815301076,1909f56bfc062723c751e8b465ee728b)
Start importing Assets/Standard Assets/CrossPlatformInput/Sprites/TouchpadSprite.png using Guid(e4f1fee3de32377429fd1348fae62b10) Importer(815301076,1909f56bfc062723c751e8b465ee728b)  -> (artifact id: 'be609f66096d5865214b5e8d4674ebda') in 0.118392 seconds
  Import took 0.123557 seconds .

========================================================================
Received Import Request.
  Time since last request: 0.000269 seconds.
  path: Assets/Art/UI/textureUI_nopadding5.png
  artifactKey: Guid(47001e884e0f8e440aa5916f7774e43d) Importer(815301076,1909f56bfc062723c751e8b465ee728b)
Start importing Assets/Art/UI/textureUI_nopadding5.png using Guid(47001e884e0f8e440aa5916f7774e43d) Importer(815301076,1909f56bfc062723c751e8b465ee728b)  -> (artifact id: 'c059483bca27e690b1a37edb1fbe3bc3') in 0.020587 seconds
  Import took 0.024663 seconds .

========================================================================
Received Import Request.
  Time since last request: 0.162454 seconds.
  path: Assets/Standard Assets/CrossPlatformInput/Sprites/TouchpadSprite.png
  artifactKey: Guid(e4f1fee3de32377429fd1348fae62b10) Importer(815301076,1909f56bfc062723c751e8b465ee728b)
Start importing Assets/Standard Assets/CrossPlatformInput/Sprites/TouchpadSprite.png using Guid(e4f1fee3de32377429fd1348fae62b10) Importer(815301076,1909f56bfc062723c751e8b465ee728b)  -> (artifact id: 'be609f66096d5865214b5e8d4674ebda') in 0.014960 seconds
  Import took 0.026340 seconds .

========================================================================
Received Import Request.
  Time since last request: 19.653679 seconds.
  path: Assets/Wwise
  artifactKey: Guid(be1d2d9e9228aff4583527149b08d79b) Importer(815301076,1909f56bfc062723c751e8b465ee728b)
Start importing Assets/Wwise using Guid(be1d2d9e9228aff4583527149b08d79b) Importer(815301076,1909f56bfc062723c751e8b465ee728b)  -> (artifact id: 'b7aa574499c9feb0c5125cc4ef58afbf') in 0.009421 seconds
  Import took 0.018763 seconds .

========================================================================
Received Prepare
Registering precompiled user dll's ...
Registered in 0.010465 seconds.
Begin MonoManager ReloadAssembly
Native extension for WindowsStandalone target not found
Native extension for WebGL target not found
Refreshing native plugins compatible for Editor in 1.11 ms, found 2 plugins.
Preloading 0 native plugins for Editor in 0.00 ms.
Warning: Annotation not found!
UnityEngine.StackTraceUtility:ExtractStackTrace ()
UnityEditor.ProBuilder.EditorUtility:SetGizmoIconEnabled (System.Type,bool) (at Library/PackageCache/com.unity.probuilder@4.5.0/Editor/EditorCore/EditorUtility.cs:593)
UnityEditor.ProBuilder.HierarchyListener:.cctor () (at Library/PackageCache/com.unity.probuilder@4.5.0/Editor/EditorCore/HierarchyListener.cs:21)
System.Runtime.CompilerServices.RuntimeHelpers:RunClassConstructor (System.RuntimeTypeHandle)
UnityEditor.EditorAssemblies:ProcessInitializeOnLoadAttributes (System.Type[])

[Library/PackageCache/com.unity.probuilder@4.5.0/Editor/EditorCore/EditorUtility.cs line 593]

Refreshing native plugins compatible for Editor in 1.51 ms, found 2 plugins.
Invoked RoslynAnalysisRunner static constructor.
RoslynAnalysisRunner will not be running.
RoslynAnalysisRunner has terminated.
Mono: successfully reloaded assembly
- Completed reload, in  3.243 seconds
Platform modules already initialized, skipping
Refreshing native plugins compatible for Editor in 1.14 ms, found 2 plugins.
Preloading 0 native plugins for Editor in 0.00 ms.
Unloading 2603 Unused Serialized files (Serialized files now loaded: 0)
System memory in use before: 109.6 MB.
System memory in use after: 109.5 MB.

Unloading 85 unused Assets to reduce memory usage. Loaded Objects now: 3040.
Total: 3.183200 ms (FindLiveObjects: 0.222100 ms CreateObjectMapping: 0.102200 ms MarkObjects: 2.497100 ms  DeleteObjects: 0.360500 ms)

